[2016-10-11 14:59:22.590][info ][command:null][tid:01][com.facebook.buck.cli.HangMonitor] HangMonitorAutoStart
[2016-10-11 14:59:22.721][info ][command:null][tid:01][com.facebook.buck.cli.Main] enabling background process killing for buckd
[2016-10-11 14:59:22.724][info ][command:null][tid:01][com.facebook.buck.cli.Main] enabled background process killing for buckd
[2016-10-11 14:59:22.725][info ][command:null][tid:01][com.facebook.buck.cli.Main] initialized bg session killer
[2016-10-11 14:59:22.752][debug][command:null][tid:17][com.martiansoftware.nailgun.NGSession] Waiting for first client to connect
[2016-10-11 14:59:22.754][debug][command:null][tid:17][com.martiansoftware.nailgun.NGSession] Client connected
[2016-10-11 14:59:22.754][debug][command:null][tid:18][com.martiansoftware.nailgun.NGSession] Waiting for first client to connect
[2016-10-11 14:59:22.758][debug][command:null][tid:17][com.martiansoftware.nailgun.NGSession] Tearing down client socket
[2016-10-11 14:59:22.758][debug][command:null][tid:17][com.martiansoftware.nailgun.NGSession] Flushing client socket
[2016-10-11 14:59:22.758][debug][command:null][tid:18][com.martiansoftware.nailgun.NGSession] Client connected
[2016-10-11 14:59:22.758][debug][command:null][tid:21][com.martiansoftware.nailgun.NGSession] Waiting for first client to connect
[2016-10-11 14:59:22.758][warn ][command:null][tid:19][com.martiansoftware.nailgun.NGInputStream] Nailgun client read future was interrupted
java.lang.InterruptedException
	at java.util.concurrent.FutureTask.awaitDone(FutureTask.java:404)
	at java.util.concurrent.FutureTask.get(FutureTask.java:204)
	at com.martiansoftware.nailgun.NGInputStream$1.run(NGInputStream.java:91)
	at java.util.concurrent.Executors$RunnableAdapter.call(Executors.java:511)
	at java.util.concurrent.FutureTask.run(FutureTask.java:266)
	at java.util.concurrent.ThreadPoolExecutor.runWorker(ThreadPoolExecutor.java:1142)
	at java.util.concurrent.ThreadPoolExecutor$Worker.run(ThreadPoolExecutor.java:617)
	at java.lang.Thread.run(Thread.java:745)

[2016-10-11 14:59:22.758][debug][command:null][tid:17][com.martiansoftware.nailgun.NGSession] Error shutting down socket I/O (this is expected if the client disconnected already)
java.io.IOException: com.sun.jna.LastErrorException: [57] Socket is not connected
	at com.martiansoftware.nailgun.NGUnixDomainSocket.doShutdown(NGUnixDomainSocket.java:74)
	at com.martiansoftware.nailgun.NGUnixDomainSocket.shutdownInput(NGUnixDomainSocket.java:60)
	at com.martiansoftware.nailgun.NGSession.run(NGSession.java:384)
Caused by: com.sun.jna.LastErrorException: [57] Socket is not connected
	at com.martiansoftware.nailgun.NGUnixDomainSocketLibrary.shutdown(Native Method)
	at com.martiansoftware.nailgun.NGUnixDomainSocket.doShutdown(NGUnixDomainSocket.java:71)
	... 2 more

[2016-10-11 14:59:22.759][debug][command:null][tid:19][com.martiansoftware.nailgun.NGInputStream] Nailgun client read shutting down
[2016-10-11 14:59:22.759][debug][command:null][tid:17][com.martiansoftware.nailgun.NGSession] Closing client socket
[2016-10-11 14:59:22.760][debug][command:null][tid:17][com.martiansoftware.nailgun.NGSession] Finished tearing down client socket
[2016-10-11 14:59:22.760][debug][command:null][tid:17][com.martiansoftware.nailgun.NGSession] Waiting for next client to connect
[2016-10-11 14:59:22.760][info ][command:null][tid:17][com.martiansoftware.nailgun.NGSession] NGSession shutting down
[2016-10-11 14:59:23.005][debug][command:null][tid:18][com.facebook.buck.cli.Main] Rotating log.
